"Signed transaction with txID: GMDYM7VE2MAVMBIHMZVKCL4WA74DKGKDIEB77VUDBPKROO4F3BYA\nCreated new app-id: 96820742":
    application-index: 96820742
    confirmed-round: 22420145
    global-state-delta:
        - key: bWFuYWdlcg==
          value:
              action: 1
              bytes: I35n+5/Og84+Ku3vO4g+9SE/wMuz6rc8o/HAg5hWqlU=
        - key: bWludGVkX3VuaXRz
          value:
              action: 2
        - key: d2hpdGVsaXN0X2NvdW50
          value:
              action: 2
    pool-error: ""
    txn:
        sig:
            type: Buffer
            data:
                - 163
                - 205
                - 113
                - 129
                - 26
                - 188
                - 115
                - 105
                - 4
                - 122
                - 245
                - 143
                - 89
                - 145
                - 48
                - 90
                - 229
                - 233
                - 162
                - 59
                - 30
                - 169
                - 180
                - 81
                - 222
                - 197
                - 223
                - 26
                - 83
                - 166
                - 176
                - 245
                - 53
                - 140
                - 156
                - 174
                - 186
                - 180
                - 118
                - 82
                - 254
                - 23
                - 31
                - 112
                - 226
                - 87
                - 72
                - 136
                - 5
                - 66
                - 75
                - 104
                - 16
                - 31
                - 195
                - 231
                - 237
                - 26
                - 9
                - 0
                - 169
                - 147
                - 183
                - 2
        txn:
            apap:
                type: Buffer
                data:
                    - 6
                    - 32
                    - 3
                    - 1
                    - 0
                    - 4
                    - 38
                    - 6
                    - 7
                    - 109
                    - 97
                    - 110
                    - 97
                    - 103
                    - 101
                    - 114
                    - 12
                    - 104
                    - 97
                    - 115
                    - 95
                    - 100
                    - 105
                    - 115
                    - 99
                    - 111
                    - 117
                    - 110
                    - 116
                    - 9
                    - 117
                    - 110
                    - 99
                    - 108
                    - 97
                    - 105
                    - 109
                    - 101
                    - 100
                    - 11
                    - 119
                    - 104
                    - 105
                    - 116
                    - 101
                    - 108
                    - 105
                    - 115
                    - 116
                    - 101
                    - 100
                    - 15
                    - 119
                    - 104
                    - 105
                    - 116
                    - 101
                    - 108
                    - 105
                    - 115
                    - 116
                    - 95
                    - 99
                    - 111
                    - 117
                    - 110
                    - 116
                    - 12
                    - 109
                    - 105
                    - 110
                    - 116
                    - 101
                    - 100
                    - 95
                    - 117
                    - 110
                    - 105
                    - 116
                    - 115
                    - 49
                    - 24
                    - 35
                    - 18
                    - 64
                    - 1
                    - 248
                    - 49
                    - 25
                    - 34
                    - 18
                    - 64
                    - 1
                    - 196
                    - 49
                    - 25
                    - 36
                    - 18
                    - 64
                    - 1
                    - 176
                    - 49
                    - 25
                    - 129
                    - 5
                    - 18
                    - 64
                    - 1
                    - 155
                    - 54
                    - 26
                    - 0
                    - 128
                    - 13
                    - 115
                    - 101
                    - 116
                    - 95
                    - 119
                    - 104
                    - 105
                    - 116
                    - 101
                    - 108
                    - 105
                    - 115
                    - 116
                    - 18
                    - 64
                    - 1
                    - 70
                    - 54
                    - 26
                    - 0
                    - 128
                    - 11
                    - 115
                    - 101
                    - 116
                    - 95
                    - 109
                    - 97
                    - 110
                    - 97
                    - 103
                    - 101
                    - 114
                    - 18
                    - 64
                    - 1
                    - 9
                    - 54
                    - 26
                    - 0
                    - 128
                    - 3
                    - 98
                    - 117
                    - 121
                    - 18
                    - 64
                    - 0
                    - 133
                    - 54
                    - 26
                    - 0
                    - 128
                    - 5
                    - 99
                    - 108
                    - 97
                    - 105
                    - 109
                    - 18
                    - 64
                    - 0
                    - 101
                    - 54
                    - 26
                    - 0
                    - 128
                    - 13
                    - 103
                    - 105
                    - 118
                    - 101
                    - 95
                    - 100
                    - 105
                    - 115
                    - 99
                    - 111
                    - 117
                    - 110
                    - 116
                    - 18
                    - 64
                    - 0
                    - 37
                    - 54
                    - 26
                    - 0
                    - 128
                    - 6
                    - 114
                    - 101
                    - 100
                    - 101
                    - 101
                    - 109
                    - 18
                    - 64
                    - 0
                    - 1
                    - 0
                    - 49
                    - 0
                    - 40
                    - 100
                    - 18
                    - 50
                    - 4
                    - 34
                    - 18
                    - 16
                    - 68
                    - 49
                    - 0
                    - 54
                    - 26
                    - 1
                    - 136
                    - 1
                    - 224
                    - 34
                    - 67
                    - 50
                    - 4
                    - 34
                    - 18
                    - 49
                    - 29
                    - 34
                    - 18
                    - 16
                    - 49
                    - 32
                    - 50
                    - 3
                    - 18
                    - 49
                    - 9
                    - 50
                    - 3
                    - 18
                    - 16
                    - 49
                    - 21
                    - 50
                    - 3
                    - 18
                    - 16
                    - 16
                    - 49
                    - 0
                    - 40
                    - 100
                    - 18
                    - 16
                    - 68
                    - 54
                    - 28
                    - 1
                    - 41
                    - 34
                    - 102
                    - 34
                    - 67
                    - 54
                    - 48
                    - 0
                    - 49
                    - 0
                    - 42
                    - 98
                    - 18
                    - 68
                    - 49
                    - 0
                    - 42
                    - 98
                    - 136
                    - 1
                    - 142
                    - 34
                    - 67
                    - 50
                    - 4
                    - 129
                    - 2
                    - 18
                    - 68
                    - 51
                    - 1
                    - 0
                    - 136
                    - 1
                    - 176
                    - 53
                    - 0
                    - 51
                    - 1
                    - 16
                    - 34
                    - 18
                    - 51
                    - 1
                    - 0
                    - 51
                    - 0
                    - 0
                    - 18
                    - 16
                    - 51
                    - 1
                    - 8
                    - 52
                    - 0
                    - 15
                    - 16
                    - 51
                    - 1
                    - 7
                    - 50
                    - 10
                    - 18
                    - 16
                    - 51
                    - 1
                    - 0
                    - 43
                    - 98
                    - 16
                    - 68
                    - 55
                    - 0
                    - 26
                    - 1
                    - 55
                    - 0
                    - 26
                    - 2
                    - 136
                    - 1
                    - 26
                    - 51
                    - 0
                    - 0
                    - 42
                    - 52
                    - 1
                    - 102
                    - 136
                    - 1
                    - 7
                    - 51
                    - 1
                    - 8
                    - 52
                    - 0
                    - 50
                    - 0
                    - 8
                    - 13
                    - 64
                    - 0
                    - 21
                    - 51
                    - 1
                    - 0
                    - 41
                    - 98
                    - 34
                    - 18
                    - 64
                    - 0
                    - 2
                    - 34
                    - 67
                    - 51
                    - 1
                    - 0
                    - 41
                    - 35
                    - 102
                    - 66
                    - 255
                    - 245
                    - 51
                    - 1
                    - 0
                    - 51
                    - 1
                    - 8
                    - 52
                    - 0
                    - 9
                    - 50
                    - 0
                    - 9
                    - 136
                    - 1
                    - 45
                    - 66
                    - 255
                    - 217
                    - 50
                    - 4
                    - 34
                    - 18
                    - 49
                    - 29
                    - 34
                    - 18
                    - 16
                    - 49
                    - 32
                    - 50
                    - 3
                    - 18
                    - 49
                    - 9
                    - 50
                    - 3
                    - 18
                    - 16
                    - 49
                    - 21
                    - 50
                    - 3
                    - 18
                    - 16
                    - 16
                    - 49
                    - 0
                    - 40
                    - 100
                    - 18
                    - 16
                    - 68
                    - 40
                    - 54
                    - 28
                    - 1
                    - 103
                    - 34
                    - 67
                    - 50
                    - 4
                    - 34
                    - 18
                    - 49
                    - 29
                    - 34
                    - 18
                    - 16
                    - 49
                    - 32
                    - 50
                    - 3
                    - 18
                    - 49
                    - 9
                    - 50
                    - 3
                    - 18
                    - 16
                    - 49
                    - 21
                    - 50
                    - 3
                    - 18
                    - 16
                    - 16
                    - 49
                    - 0
                    - 40
                    - 100
                    - 18
                    - 16
                    - 68
                    - 54
                    - 28
                    - 1
                    - 43
                    - 98
                    - 35
                    - 18
                    - 64
                    - 0
                    - 8
                    - 54
                    - 28
                    - 1
                    - 43
                    - 34
                    - 102
                    - 34
                    - 67
                    - 39
                    - 4
                    - 39
                    - 4
                    - 100
                    - 34
                    - 8
                    - 103
                    - 66
                    - 255
                    - 237
                    - 49
                    - 0
                    - 40
                    - 100
                    - 18
                    - 50
                    - 4
                    - 34
                    - 18
                    - 16
                    - 68
                    - 34
                    - 67
                    - 49
                    - 0
                    - 40
                    - 100
                    - 18
                    - 50
                    - 4
                    - 34
                    - 18
                    - 16
                    - 68
                    - 34
                    - 67
                    - 50
                    - 4
                    - 34
                    - 18
                    - 49
                    - 27
                    - 35
                    - 18
                    - 16
                    - 49
                    - 32
                    - 50
                    - 3
                    - 18
                    - 49
                    - 9
                    - 50
                    - 3
                    - 18
                    - 16
                    - 49
                    - 21
                    - 50
                    - 3
                    - 18
                    - 16
                    - 16
                    - 68
                    - 49
                    - 0
                    - 43
                    - 35
                    - 102
                    - 49
                    - 0
                    - 41
                    - 35
                    - 102
                    - 49
                    - 0
                    - 42
                    - 35
                    - 102
                    - 34
                    - 67
                    - 50
                    - 4
                    - 34
                    - 18
                    - 49
                    - 32
                    - 50
                    - 3
                    - 18
                    - 49
                    - 9
                    - 50
                    - 3
                    - 18
                    - 16
                    - 49
                    - 21
                    - 50
                    - 3
                    - 18
                    - 16
                    - 16
                    - 68
                    - 39
                    - 4
                    - 35
                    - 103
                    - 40
                    - 49
                    - 0
                    - 103
                    - 39
                    - 5
                    - 35
                    - 103
                    - 34
                    - 67
                    - 39
                    - 5
                    - 39
                    - 5
                    - 100
                    - 34
                    - 8
                    - 103
                    - 137
                    - 53
                    - 3
                    - 53
                    - 2
                    - 177
                    - 129
                    - 3
                    - 178
                    - 16
                    - 34
                    - 178
                    - 34
                    - 35
                    - 178
                    - 35
                    - 128
                    - 3
                    - 68
                    - 89
                    - 78
                    - 178
                    - 37
                    - 128
                    - 4
                    - 68
                    - 121
                    - 110
                    - 111
                    - 178
                    - 38
                    - 35
                    - 178
                    - 36
                    - 40
                    - 100
                    - 178
                    - 41
                    - 52
                    - 2
                    - 178
                    - 39
                    - 52
                    - 3
                    - 178
                    - 5
                    - 50
                    - 0
                    - 178
                    - 1
                    - 179
                    - 180
                    - 60
                    - 53
                    - 1
                    - 137
                    - 53
                    - 4
                    - 177
                    - 36
                    - 178
                    - 16
                    - 52
                    - 4
                    - 178
                    - 17
                    - 34
                    - 178
                    - 18
                    - 50
                    - 10
                    - 178
                    - 19
                    - 49
                    - 0
                    - 178
                    - 20
                    - 137
                    - 53
                    - 6
                    - 53
                    - 5
                    - 177
                    - 34
                    - 178
                    - 16
                    - 52
                    - 6
                    - 178
                    - 8
                    - 50
                    - 10
                    - 178
                    - 0
                    - 52
                    - 5
                    - 178
                    - 7
                    - 50
                    - 0
                    - 178
                    - 1
                    - 179
                    - 137
                    - 53
                    - 7
                    - 129
                    - 144
                    - 78
                    - 129
                    - 232
                    - 7
                    - 9
                    - 137
            apgs:
                nbs: 1
                nui: 3
            apls:
                nui: 3
            apsu:
                type: Buffer
                data:
                    - 6
                    - 129
                    - 1
                    - 67
            fee: 1000
            fv: 22420143
            gen: testnet-v1.0
            gh:
                type: Buffer
                data:
                    - 72
                    - 99
                    - 181
                    - 24
                    - 164
                    - 179
                    - 200
                    - 78
                    - 200
                    - 16
                    - 242
                    - 45
                    - 79
                    - 16
                    - 129
                    - 203
                    - 15
                    - 113
                    - 240
                    - 89
                    - 167
                    - 172
                    - 32
                    - 222
                    - 198
                    - 47
                    - 127
                    - 112
                    - 229
                    - 9
                    - 58
                    - 34
            lv: 22421143
            snd:
                type: Buffer
                data:
                    - 35
                    - 126
                    - 103
                    - 251
                    - 159
                    - 206
                    - 131
                    - 206
                    - 62
                    - 42
                    - 237
                    - 239
                    - 59
                    - 136
                    - 62
                    - 245
                    - 33
                    - 63
                    - 192
                    - 203
                    - 179
                    - 234
                    - 183
                    - 60
                    - 163
                    - 241
                    - 192
                    - 131
                    - 152
                    - 86
                    - 170
                    - 85
            type: appl
