"Signed transaction with txID: W3DQ6K5U62USQQ5YZJ3IE42LCZWMS5JKXOWKJN6L54FOJF6O4ZQA\nCreated new app-id: 804480336":
    application-index: 804480336
    confirmed-round: 22146719
    global-state-delta:
        - key: Y3VycmVudF90aWVy
          value:
              action: 2
        - key: bWFuYWdlcg==
          value:
              action: 1
              bytes: DKxY1K3pLyG0f1D7mgtQMdiVW21d6kG2F9dZ3wl0ZyY=
        - key: bWludGVkX3VuaXRz
          value:
              action: 2
        - key: d2hpdGVsaXN0X2NvdW50
          value:
              action: 2
    pool-error: ""
    txn:
        sig:
            type: Buffer
            data:
                - 90
                - 5
                - 98
                - 106
                - 116
                - 158
                - 34
                - 145
                - 250
                - 58
                - 135
                - 19
                - 100
                - 240
                - 92
                - 185
                - 251
                - 97
                - 230
                - 2
                - 83
                - 111
                - 18
                - 87
                - 84
                - 193
                - 100
                - 211
                - 145
                - 66
                - 28
                - 62
                - 58
                - 22
                - 207
                - 149
                - 213
                - 19
                - 230
                - 100
                - 31
                - 45
                - 154
                - 74
                - 16
                - 178
                - 243
                - 249
                - 19
                - 84
                - 70
                - 29
                - 209
                - 253
                - 186
                - 85
                - 179
                - 91
                - 151
                - 49
                - 12
                - 141
                - 157
                - 15
        txn:
            apap:
                type: Buffer
                data:
                    - 6
                    - 32
                    - 3
                    - 1
                    - 0
                    - 4
                    - 38
                    - 6
                    - 7
                    - 109
                    - 97
                    - 110
                    - 97
                    - 103
                    - 101
                    - 114
                    - 11
                    - 119
                    - 104
                    - 105
                    - 116
                    - 101
                    - 108
                    - 105
                    - 115
                    - 116
                    - 101
                    - 100
                    - 9
                    - 117
                    - 110
                    - 99
                    - 108
                    - 97
                    - 105
                    - 109
                    - 101
                    - 100
                    - 15
                    - 119
                    - 104
                    - 105
                    - 116
                    - 101
                    - 108
                    - 105
                    - 115
                    - 116
                    - 95
                    - 99
                    - 111
                    - 117
                    - 110
                    - 116
                    - 12
                    - 109
                    - 105
                    - 110
                    - 116
                    - 101
                    - 100
                    - 95
                    - 117
                    - 110
                    - 105
                    - 116
                    - 115
                    - 12
                    - 99
                    - 117
                    - 114
                    - 114
                    - 101
                    - 110
                    - 116
                    - 95
                    - 116
                    - 105
                    - 101
                    - 114
                    - 49
                    - 24
                    - 35
                    - 18
                    - 64
                    - 1
                    - 168
                    - 49
                    - 25
                    - 34
                    - 18
                    - 64
                    - 1
                    - 121
                    - 49
                    - 25
                    - 36
                    - 18
                    - 64
                    - 1
                    - 101
                    - 49
                    - 25
                    - 129
                    - 5
                    - 18
                    - 64
                    - 1
                    - 80
                    - 54
                    - 26
                    - 0
                    - 128
                    - 13
                    - 115
                    - 101
                    - 116
                    - 95
                    - 119
                    - 104
                    - 105
                    - 116
                    - 101
                    - 108
                    - 105
                    - 115
                    - 116
                    - 18
                    - 64
                    - 0
                    - 253
                    - 54
                    - 26
                    - 0
                    - 128
                    - 11
                    - 115
                    - 101
                    - 116
                    - 95
                    - 109
                    - 97
                    - 110
                    - 97
                    - 103
                    - 101
                    - 114
                    - 18
                    - 64
                    - 0
                    - 192
                    - 54
                    - 26
                    - 0
                    - 128
                    - 3
                    - 98
                    - 117
                    - 121
                    - 18
                    - 64
                    - 0
                    - 69
                    - 54
                    - 26
                    - 0
                    - 128
                    - 5
                    - 99
                    - 108
                    - 97
                    - 105
                    - 109
                    - 18
                    - 64
                    - 0
                    - 37
                    - 54
                    - 26
                    - 0
                    - 128
                    - 6
                    - 114
                    - 101
                    - 100
                    - 101
                    - 101
                    - 109
                    - 18
                    - 64
                    - 0
                    - 1
                    - 0
                    - 49
                    - 0
                    - 40
                    - 100
                    - 18
                    - 50
                    - 4
                    - 34
                    - 18
                    - 16
                    - 68
                    - 49
                    - 0
                    - 54
                    - 26
                    - 1
                    - 136
                    - 1
                    - 182
                    - 34
                    - 67
                    - 54
                    - 48
                    - 0
                    - 49
                    - 0
                    - 42
                    - 98
                    - 18
                    - 68
                    - 49
                    - 0
                    - 42
                    - 98
                    - 136
                    - 1
                    - 141
                    - 34
                    - 67
                    - 50
                    - 4
                    - 129
                    - 2
                    - 18
                    - 68
                    - 51
                    - 1
                    - 0
                    - 136
                    - 1
                    - 51
                    - 53
                    - 0
                    - 51
                    - 1
                    - 16
                    - 34
                    - 18
                    - 51
                    - 1
                    - 0
                    - 51
                    - 0
                    - 0
                    - 18
                    - 16
                    - 51
                    - 1
                    - 8
                    - 52
                    - 0
                    - 15
                    - 16
                    - 51
                    - 1
                    - 7
                    - 50
                    - 10
                    - 18
                    - 16
                    - 51
                    - 1
                    - 0
                    - 41
                    - 98
                    - 16
                    - 51
                    - 1
                    - 0
                    - 41
                    - 98
                    - 39
                    - 5
                    - 100
                    - 18
                    - 16
                    - 68
                    - 55
                    - 0
                    - 26
                    - 1
                    - 55
                    - 0
                    - 26
                    - 2
                    - 136
                    - 1
                    - 11
                    - 51
                    - 0
                    - 0
                    - 42
                    - 52
                    - 1
                    - 102
                    - 136
                    - 0
                    - 248
                    - 51
                    - 1
                    - 8
                    - 52
                    - 0
                    - 50
                    - 0
                    - 8
                    - 13
                    - 64
                    - 0
                    - 2
                    - 34
                    - 67
                    - 51
                    - 1
                    - 0
                    - 51
                    - 1
                    - 8
                    - 52
                    - 0
                    - 9
                    - 50
                    - 0
                    - 9
                    - 136
                    - 1
                    - 54
                    - 66
                    - 255
                    - 236
                    - 50
                    - 4
                    - 34
                    - 18
                    - 49
                    - 29
                    - 34
                    - 18
                    - 16
                    - 49
                    - 32
                    - 50
                    - 3
                    - 18
                    - 49
                    - 9
                    - 50
                    - 3
                    - 18
                    - 16
                    - 49
                    - 21
                    - 50
                    - 3
                    - 18
                    - 16
                    - 16
                    - 49
                    - 0
                    - 40
                    - 100
                    - 18
                    - 16
                    - 68
                    - 40
                    - 54
                    - 28
                    - 1
                    - 103
                    - 34
                    - 67
                    - 50
                    - 4
                    - 34
                    - 18
                    - 49
                    - 29
                    - 34
                    - 18
                    - 16
                    - 49
                    - 32
                    - 50
                    - 3
                    - 18
                    - 49
                    - 9
                    - 50
                    - 3
                    - 18
                    - 16
                    - 49
                    - 21
                    - 50
                    - 3
                    - 18
                    - 16
                    - 16
                    - 49
                    - 0
                    - 40
                    - 100
                    - 18
                    - 16
                    - 68
                    - 54
                    - 28
                    - 1
                    - 41
                    - 98
                    - 35
                    - 18
                    - 64
                    - 0
                    - 8
                    - 54
                    - 28
                    - 1
                    - 41
                    - 34
                    - 102
                    - 34
                    - 67
                    - 43
                    - 43
                    - 100
                    - 34
                    - 8
                    - 103
                    - 66
                    - 255
                    - 239
                    - 49
                    - 0
                    - 40
                    - 100
                    - 18
                    - 50
                    - 4
                    - 34
                    - 18
                    - 16
                    - 68
                    - 34
                    - 67
                    - 49
                    - 0
                    - 40
                    - 100
                    - 18
                    - 50
                    - 4
                    - 34
                    - 18
                    - 16
                    - 68
                    - 34
                    - 67
                    - 50
                    - 4
                    - 34
                    - 18
                    - 49
                    - 27
                    - 35
                    - 18
                    - 16
                    - 49
                    - 32
                    - 50
                    - 3
                    - 18
                    - 49
                    - 9
                    - 50
                    - 3
                    - 18
                    - 16
                    - 49
                    - 21
                    - 50
                    - 3
                    - 18
                    - 16
                    - 16
                    - 68
                    - 49
                    - 0
                    - 41
                    - 35
                    - 102
                    - 49
                    - 0
                    - 42
                    - 35
                    - 102
                    - 34
                    - 67
                    - 50
                    - 4
                    - 34
                    - 18
                    - 49
                    - 32
                    - 50
                    - 3
                    - 18
                    - 49
                    - 9
                    - 50
                    - 3
                    - 18
                    - 16
                    - 49
                    - 21
                    - 50
                    - 3
                    - 18
                    - 16
                    - 16
                    - 68
                    - 43
                    - 35
                    - 103
                    - 40
                    - 49
                    - 0
                    - 103
                    - 39
                    - 4
                    - 35
                    - 103
                    - 39
                    - 5
                    - 35
                    - 103
                    - 34
                    - 67
                    - 53
                    - 2
                    - 129
                    - 128
                    - 194
                    - 215
                    - 47
                    - 137
                    - 39
                    - 4
                    - 39
                    - 4
                    - 100
                    - 34
                    - 8
                    - 103
                    - 137
                    - 53
                    - 4
                    - 53
                    - 3
                    - 177
                    - 129
                    - 3
                    - 178
                    - 16
                    - 34
                    - 178
                    - 34
                    - 35
                    - 178
                    - 35
                    - 128
                    - 3
                    - 68
                    - 89
                    - 78
                    - 178
                    - 37
                    - 128
                    - 4
                    - 68
                    - 121
                    - 110
                    - 111
                    - 178
                    - 38
                    - 35
                    - 178
                    - 36
                    - 50
                    - 10
                    - 178
                    - 44
                    - 40
                    - 100
                    - 178
                    - 41
                    - 52
                    - 3
                    - 178
                    - 39
                    - 52
                    - 4
                    - 178
                    - 5
                    - 50
                    - 0
                    - 178
                    - 1
                    - 179
                    - 180
                    - 60
                    - 53
                    - 1
                    - 137
                    - 53
                    - 5
                    - 177
                    - 36
                    - 178
                    - 16
                    - 52
                    - 5
                    - 178
                    - 17
                    - 34
                    - 178
                    - 18
                    - 50
                    - 10
                    - 178
                    - 19
                    - 49
                    - 0
                    - 178
                    - 20
                    - 179
                    - 137
                    - 53
                    - 7
                    - 53
                    - 6
                    - 177
                    - 34
                    - 178
                    - 16
                    - 52
                    - 7
                    - 178
                    - 8
                    - 50
                    - 10
                    - 178
                    - 0
                    - 52
                    - 6
                    - 178
                    - 7
                    - 50
                    - 0
                    - 178
                    - 1
                    - 179
                    - 137
            apgs:
                nbs: 1
                nui: 3
            apls:
                nui: 3
            apsu:
                type: Buffer
                data:
                    - 6
                    - 129
                    - 1
                    - 67
            fee: 1000
            fv: 22146717
            gen: mainnet-v1.0
            gh:
                type: Buffer
                data:
                    - 192
                    - 97
                    - 196
                    - 216
                    - 252
                    - 29
                    - 189
                    - 222
                    - 210
                    - 215
                    - 96
                    - 75
                    - 228
                    - 86
                    - 142
                    - 63
                    - 109
                    - 4
                    - 25
                    - 135
                    - 172
                    - 55
                    - 189
                    - 228
                    - 182
                    - 32
                    - 181
                    - 171
                    - 57
                    - 36
                    - 138
                    - 223
            lv: 22147717
            snd:
                type: Buffer
                data:
                    - 12
                    - 172
                    - 88
                    - 212
                    - 173
                    - 233
                    - 47
                    - 33
                    - 180
                    - 127
                    - 80
                    - 251
                    - 154
                    - 11
                    - 80
                    - 49
                    - 216
                    - 149
                    - 91
                    - 109
                    - 93
                    - 234
                    - 65
                    - 182
                    - 23
                    - 215
                    - 89
                    - 223
                    - 9
                    - 116
                    - 103
                    - 38
            type: appl
